12-06-2022 20:56:48.788 [main] INFO  c.e.s.SpringBootElkApplication.logStarting - Starting SpringBootElkApplication using Java 11.0.1 on DESKTOP-15DOUVQ with PID 5620 (D:\Projects\spring-boot-elk\target\classes started by oshan in D:\Projects\spring-boot-elk)
12-06-2022 20:56:48.793 [main] INFO  c.e.s.SpringBootElkApplication.logStartupProfileInfo - No active profile set, falling back to 1 default profile: "default"
12-06-2022 20:59:44.145 [main] INFO  c.e.s.SpringBootElkApplication.logStarting - Starting SpringBootElkApplication using Java 11.0.1 on DESKTOP-15DOUVQ with PID 940 (D:\Projects\spring-boot-elk\target\classes started by oshan in D:\Projects\spring-boot-elk)
12-06-2022 20:59:44.148 [main] INFO  c.e.s.SpringBootElkApplication.logStartupProfileInfo - No active profile set, falling back to 1 default profile: "default"
12-06-2022 21:00:39.431 [main] INFO  c.e.s.SpringBootElkApplication.logStarting - Starting SpringBootElkApplication using Java 11.0.1 on DESKTOP-15DOUVQ with PID 14480 (D:\Projects\spring-boot-elk\target\classes started by oshan in D:\Projects\spring-boot-elk)
12-06-2022 21:00:39.434 [main] INFO  c.e.s.SpringBootElkApplication.logStartupProfileInfo - No active profile set, falling back to 1 default profile: "default"
12-06-2022 21:02:15.385 [main] INFO  c.e.s.SpringBootElkApplication.logStarting - Starting SpringBootElkApplication using Java 11.0.1 on DESKTOP-15DOUVQ with PID 10080 (D:\Projects\spring-boot-elk\target\classes started by oshan in D:\Projects\spring-boot-elk)
12-06-2022 21:02:15.388 [main] INFO  c.e.s.SpringBootElkApplication.logStartupProfileInfo - No active profile set, falling back to 1 default profile: "default"
12-06-2022 21:03:20.277 [main] INFO  c.e.s.SpringBootElkApplication.logStarting - Starting SpringBootElkApplication using Java 11.0.1 on DESKTOP-15DOUVQ with PID 8628 (D:\Projects\spring-boot-elk\target\classes started by oshan in D:\Projects\spring-boot-elk)
12-06-2022 21:03:20.282 [main] INFO  c.e.s.SpringBootElkApplication.logStartupProfileInfo - No active profile set, falling back to 1 default profile: "default"
12-06-2022 21:04:30.531 [main] INFO  c.e.s.SpringBootElkApplication.logStarting - Starting SpringBootElkApplication using Java 11.0.1 on DESKTOP-15DOUVQ with PID 11924 (D:\Projects\spring-boot-elk\target\classes started by oshan in D:\Projects\spring-boot-elk)
12-06-2022 21:04:30.534 [main] INFO  c.e.s.SpringBootElkApplication.logStartupProfileInfo - No active profile set, falling back to 1 default profile: "default"
12-06-2022 21:04:34.421 [main] INFO  c.e.s.SpringBootElkApplication.logStarted - Started SpringBootElkApplication in 4.464 seconds (JVM running for 6.919)
12-06-2022 21:04:44.441 [http-nio-8080-exec-1] INFO  c.e.s.controller.TestController.testMethod - Entering /test
12-06-2022 21:04:44.441 [http-nio-8080-exec-1] INFO  c.e.s.controller.TestController.testMethod - Returning response: hello
12-06-2022 21:08:49.650 [main] INFO  com.example.springbootelk.SpringBootElkApplication.logStarting - Starting SpringBootElkApplication using Java 11.0.1 on DESKTOP-15DOUVQ with PID 23456 (D:\Projects\spring-boot-elk\target\classes started by oshan in D:\Projects\spring-boot-elk)
12-06-2022 21:08:49.650 [main] INFO  com.example.springbootelk.SpringBootElkApplication.logStartupProfileInfo - No active profile set, falling back to 1 default profile: "default"
12-06-2022 21:08:52.211 [main] INFO  com.example.springbootelk.SpringBootElkApplication.logStarted - Started SpringBootElkApplication in 3.162 seconds (JVM running for 4.7)
12-06-2022 21:08:55.381 [http-nio-8080-exec-1] INFO  com.example.springbootelk.controller.TestController.testMethod - Entering /test
12-06-2022 21:08:55.381 [http-nio-8080-exec-1] INFO  com.example.springbootelk.controller.TestController.testMethod - Returning response: hello
12-06-2022 21:08:56.404 [http-nio-8080-exec-4] INFO  com.example.springbootelk.controller.TestController.testMethod - Entering /test
12-06-2022 21:08:56.404 [http-nio-8080-exec-4] INFO  com.example.springbootelk.controller.TestController.testMethod - Returning response: hello
12-06-2022 21:53:10.900 [main] INFO  com.example.springbootelk.SpringBootElkApplication.logStarting - Starting SpringBootElkApplication using Java 11.0.1 on DESKTOP-15DOUVQ with PID 20708 (D:\Projects\spring-boot-elk\target\classes started by oshan in D:\Projects\spring-boot-elk)
12-06-2022 21:53:10.905 [main] INFO  com.example.springbootelk.SpringBootElkApplication.logStartupProfileInfo - No active profile set, falling back to 1 default profile: "default"
12-06-2022 21:53:15.027 [main] INFO  com.example.springbootelk.SpringBootElkApplication.logStarted - Started SpringBootElkApplication in 4.763 seconds (JVM running for 7.196)
12-06-2022 21:55:10.379 [main] INFO  com.example.springbootelk.SpringBootElkApplication.logStarting - Starting SpringBootElkApplication using Java 11.0.1 on DESKTOP-15DOUVQ with PID 2684 (D:\Projects\spring-boot-elk\target\classes started by oshan in D:\Projects\spring-boot-elk)
12-06-2022 21:55:10.379 [main] INFO  com.example.springbootelk.SpringBootElkApplication.logStartupProfileInfo - No active profile set, falling back to 1 default profile: "default"
12-06-2022 21:55:12.899 [main] INFO  com.example.springbootelk.SpringBootElkApplication.logStarted - Started SpringBootElkApplication in 3.008 seconds (JVM running for 4.092)
12-06-2022 22:05:56.062 [main] INFO  com.example.springbootelk.SpringBootElkApplication.logStarting - Starting SpringBootElkApplication using Java 11.0.1 on DESKTOP-15DOUVQ with PID 22312 (D:\Projects\spring-boot-elk\target\classes started by oshan in D:\Projects\spring-boot-elk)
12-06-2022 22:05:56.067 [main] INFO  com.example.springbootelk.SpringBootElkApplication.logStartupProfileInfo - No active profile set, falling back to 1 default profile: "default"
12-06-2022 22:09:18.929 [main] INFO  com.example.springbootelk.SpringBootElkApplication.logStarting - Starting SpringBootElkApplication using Java 11.0.1 on DESKTOP-15DOUVQ with PID 5020 (D:\Projects\spring-boot-elk\target\classes started by oshan in D:\Projects\spring-boot-elk)
12-06-2022 22:09:18.935 [main] INFO  com.example.springbootelk.SpringBootElkApplication.logStartupProfileInfo - No active profile set, falling back to 1 default profile: "default"
12-06-2022 22:10:25.996 [main] INFO  com.example.springbootelk.SpringBootElkApplication.logStarting - Starting SpringBootElkApplication using Java 11.0.1 on DESKTOP-15DOUVQ with PID 14396 (D:\Projects\spring-boot-elk\target\classes started by oshan in D:\Projects\spring-boot-elk)
12-06-2022 22:10:26.007 [main] INFO  com.example.springbootelk.SpringBootElkApplication.logStartupProfileInfo - No active profile set, falling back to 1 default profile: "default"
12-06-2022 22:14:23.650 [main] INFO  com.example.springbootelk.SpringBootElkApplication.logStarting - Starting SpringBootElkApplication using Java 11.0.1 on DESKTOP-15DOUVQ with PID 3420 (D:\Projects\spring-boot-elk\target\classes started by oshan in D:\Projects\spring-boot-elk)
12-06-2022 22:14:23.650 [main] INFO  com.example.springbootelk.SpringBootElkApplication.logStartupProfileInfo - No active profile set, falling back to 1 default profile: "default"
12-06-2022 22:20:04.518 [main] INFO  com.example.springbootelk.SpringBootElkApplication.logStarting - Starting SpringBootElkApplication using Java 11.0.1 on DESKTOP-15DOUVQ with PID 19088 (D:\Projects\spring-boot-elk\target\classes started by oshan in D:\Projects\spring-boot-elk)
12-06-2022 22:20:04.531 [main] INFO  com.example.springbootelk.SpringBootElkApplication.logStartupProfileInfo - No active profile set, falling back to 1 default profile: "default"
12-06-2022 22:27:46.493 [main] INFO  com.example.springbootelk.SpringBootElkApplication.logStarting - Starting SpringBootElkApplication using Java 11.0.1 on DESKTOP-15DOUVQ with PID 4656 (D:\Projects\spring-boot-elk\target\classes started by oshan in D:\Projects\spring-boot-elk)
12-06-2022 22:27:46.497 [main] INFO  com.example.springbootelk.SpringBootElkApplication.logStartupProfileInfo - No active profile set, falling back to 1 default profile: "default"
12-06-2022 22:28:03.097 [main] INFO  com.example.springbootelk.SpringBootElkApplication.logStarting - Starting SpringBootElkApplication using Java 11.0.1 on DESKTOP-15DOUVQ with PID 16056 (D:\Projects\spring-boot-elk\target\classes started by oshan in D:\Projects\spring-boot-elk)
12-06-2022 22:28:03.107 [main] INFO  com.example.springbootelk.SpringBootElkApplication.logStartupProfileInfo - No active profile set, falling back to 1 default profile: "default"
12-06-2022 22:39:20.966 [main] INFO  com.example.springbootelk.SpringBootElkApplication.logStarting - Starting SpringBootElkApplication using Java 11.0.1 on DESKTOP-15DOUVQ with PID 15684 (D:\Projects\spring-boot-elk\target\classes started by oshan in D:\Projects\spring-boot-elk)
12-06-2022 22:39:20.981 [main] INFO  com.example.springbootelk.SpringBootElkApplication.logStartupProfileInfo - No active profile set, falling back to 1 default profile: "default"
12-06-2022 22:39:23.609 [main] INFO  com.example.springbootelk.SpringBootElkApplication.logStarted - Started SpringBootElkApplication in 3.159 seconds (JVM running for 4.165)
12-06-2022 22:39:48.700 [main] INFO  com.example.springbootelk.SpringBootElkApplication.logStarting - Starting SpringBootElkApplication using Java 11.0.1 on DESKTOP-15DOUVQ with PID 8372 (D:\Projects\spring-boot-elk\target\classes started by oshan in D:\Projects\spring-boot-elk)
12-06-2022 22:39:48.700 [main] INFO  com.example.springbootelk.SpringBootElkApplication.logStartupProfileInfo - No active profile set, falling back to 1 default profile: "default"
12-06-2022 22:39:50.838 [main] INFO  com.example.springbootelk.SpringBootElkApplication.logStarted - Started SpringBootElkApplication in 2.535 seconds (JVM running for 3.751)
12-06-2022 22:40:39.641 [main] INFO  com.example.springbootelk.SpringBootElkApplication.logStarting - Starting SpringBootElkApplication using Java 11.0.1 on DESKTOP-15DOUVQ with PID 1912 (D:\Projects\spring-boot-elk\target\classes started by oshan in D:\Projects\spring-boot-elk)
12-06-2022 22:40:39.641 [main] INFO  com.example.springbootelk.SpringBootElkApplication.logStartupProfileInfo - No active profile set, falling back to 1 default profile: "default"
12-06-2022 22:40:41.782 [main] INFO  com.example.springbootelk.SpringBootElkApplication.logStarted - Started SpringBootElkApplication in 2.528 seconds (JVM running for 3.514)
12-06-2022 22:40:44.356 [http-nio-8080-exec-1] INFO  com.example.springbootelk.controller.TestController.testMethod - Entering /test/oshan/25
12-06-2022 22:40:44.356 [http-nio-8080-exec-1] INFO  com.example.springbootelk.controller.TestController.testMethod - Ping Elasticsearch server
12-06-2022 22:40:45.163 [http-nio-8080-exec-1] INFO  com.example.springbootelk.controller.TestController.testMethod - Elasticsearch ping: true
12-06-2022 22:49:14.049 [main] INFO  com.example.springbootelk.SpringBootElkApplication.logStarting - Starting SpringBootElkApplication using Java 11.0.1 on DESKTOP-15DOUVQ with PID 3016 (D:\Projects\spring-boot-elk\target\classes started by oshan in D:\Projects\spring-boot-elk)
12-06-2022 22:49:14.049 [main] INFO  com.example.springbootelk.SpringBootElkApplication.logStartupProfileInfo - No active profile set, falling back to 1 default profile: "default"
12-06-2022 22:49:16.490 [main] INFO  com.example.springbootelk.SpringBootElkApplication.logStarted - Started SpringBootElkApplication in 2.85 seconds (JVM running for 4.225)
12-06-2022 22:49:32.917 [http-nio-8080-exec-1] INFO  com.example.springbootelk.controller.ElasticSearchStatusController.testMethod - Entering /elasticsearch/ping
12-06-2022 22:49:32.918 [http-nio-8080-exec-1] INFO  com.example.springbootelk.controller.ElasticSearchStatusController.testMethod - Pinging Elasticsearch server
12-06-2022 22:49:33.181 [http-nio-8080-exec-1] INFO  com.example.springbootelk.controller.ElasticSearchStatusController.testMethod - Elasticsearch ping result: true
03-07-2022 21:48:43.298 [main] INFO  com.example.springbootelk.SpringBootElkApplication.logStarting - Starting SpringBootElkApplication using Java 11.0.1 on DESKTOP-15DOUVQ with PID 23636 (D:\Projects\spring-boot-elk\target\classes started by oshan in D:\Projects\spring-boot-elk)
03-07-2022 21:48:43.316 [main] INFO  com.example.springbootelk.SpringBootElkApplication.logStartupProfileInfo - No active profile set, falling back to 1 default profile: "default"
03-07-2022 21:54:08.922 [main] INFO  com.example.springbootelk.SpringBootElkApplication.logStarting - Starting SpringBootElkApplication using Java 11.0.1 on DESKTOP-15DOUVQ with PID 3624 (D:\Projects\spring-boot-elk\target\classes started by oshan in D:\Projects\spring-boot-elk)
03-07-2022 21:54:08.922 [main] INFO  com.example.springbootelk.SpringBootElkApplication.logStartupProfileInfo - No active profile set, falling back to 1 default profile: "default"
03-07-2022 21:54:10.867 [main] INFO  com.example.springbootelk.SpringBootElkApplication.logStarted - Started SpringBootElkApplication in 2.547 seconds (JVM running for 4.191)
03-07-2022 21:56:16.302 [main] INFO  com.example.springbootelk.SpringBootElkApplication.logStarting - Starting SpringBootElkApplication using Java 11.0.1 on DESKTOP-15DOUVQ with PID 24644 (D:\Projects\spring-boot-elk\target\classes started by oshan in D:\Projects\spring-boot-elk)
03-07-2022 21:56:16.317 [main] INFO  com.example.springbootelk.SpringBootElkApplication.logStartupProfileInfo - No active profile set, falling back to 1 default profile: "default"
03-07-2022 21:56:18.165 [main] INFO  com.example.springbootelk.SpringBootElkApplication.logStarted - Started SpringBootElkApplication in 2.334 seconds (JVM running for 3.572)
03-07-2022 21:57:52.936 [main] INFO  com.example.springbootelk.SpringBootElkApplication.logStarting - Starting SpringBootElkApplication using Java 11.0.1 on DESKTOP-15DOUVQ with PID 20508 (D:\Projects\spring-boot-elk\target\classes started by oshan in D:\Projects\spring-boot-elk)
03-07-2022 21:57:52.936 [main] INFO  com.example.springbootelk.SpringBootElkApplication.logStartupProfileInfo - No active profile set, falling back to 1 default profile: "default"
03-07-2022 21:57:54.950 [main] INFO  com.example.springbootelk.SpringBootElkApplication.logStarted - Started SpringBootElkApplication in 2.511 seconds (JVM running for 3.92)
03-07-2022 21:57:57.581 [http-nio-8080-exec-1] INFO  com.example.springbootelk.controller.UserController.saveUser - Attempting to index user: User{userId=14bb14e8-05b0-47e9-83bb-3fdd94ceebf4, firstName='Oshan', lastName='Fernando', age=25}
03-07-2022 21:58:25.464 [http-nio-8080-exec-1] INFO  com.example.springbootelk.controller.UserController.saveUser - Indexed with version 1
03-07-2022 22:10:00.692 [main] INFO  com.example.springbootelk.SpringBootElkApplication.logStarting - Starting SpringBootElkApplication using Java 11.0.1 on DESKTOP-15DOUVQ with PID 21736 (D:\Projects\spring-boot-elk\target\classes started by oshan in D:\Projects\spring-boot-elk)
03-07-2022 22:10:00.692 [main] INFO  com.example.springbootelk.SpringBootElkApplication.logStartupProfileInfo - No active profile set, falling back to 1 default profile: "default"
03-07-2022 22:10:03.068 [main] INFO  com.example.springbootelk.SpringBootElkApplication.logStarted - Started SpringBootElkApplication in 2.948 seconds (JVM running for 4.221)
03-07-2022 22:10:51.837 [main] INFO  com.example.springbootelk.SpringBootElkApplication.logStarting - Starting SpringBootElkApplication using Java 11.0.1 on DESKTOP-15DOUVQ with PID 26028 (D:\Projects\spring-boot-elk\target\classes started by oshan in D:\Projects\spring-boot-elk)
03-07-2022 22:10:51.837 [main] INFO  com.example.springbootelk.SpringBootElkApplication.logStartupProfileInfo - No active profile set, falling back to 1 default profile: "default"
03-07-2022 22:10:53.596 [main] INFO  com.example.springbootelk.SpringBootElkApplication.logStarted - Started SpringBootElkApplication in 2.294 seconds (JVM running for 3.52)
03-07-2022 22:10:59.482 [http-nio-8080-exec-1] INFO  com.example.springbootelk.controller.UserController.findUserById - Attempting to find user: 14bb14e8-05b0-47e9-83bb-3fdd94ceebf4
03-07-2022 22:11:09.375 [http-nio-8080-exec-1] INFO  com.example.springbootelk.controller.UserController.findUserById - User found: User{userId=14bb14e8-05b0-47e9-83bb-3fdd94ceebf4, firstName='Oshan', lastName='Fernando', age=25}
03-07-2022 22:11:25.219 [http-nio-8080-exec-3] INFO  com.example.springbootelk.controller.UserController.findUserById - Attempting to find user: 14bb14e8-05b0-47e9-83bb-3fdd94ceebf1
03-07-2022 22:11:29.356 [http-nio-8080-exec-3] INFO  com.example.springbootelk.controller.UserController.findUserById - User not found
03-07-2022 22:12:07.436 [http-nio-8080-exec-4] INFO  com.example.springbootelk.controller.UserController.saveUser - Attempting to index user: User{userId=708bbe67-0f85-42f9-9408-7205973671eb, firstName='Bruce', lastName='Wayne', age=35}
03-07-2022 22:12:10.064 [http-nio-8080-exec-4] INFO  com.example.springbootelk.controller.UserController.saveUser - Indexed with version 1
03-07-2022 22:12:14.493 [http-nio-8080-exec-5] INFO  com.example.springbootelk.controller.UserController.saveUser - Attempting to index user: User{userId=089c7d32-7703-4531-8e16-59aff6436b36, firstName='Bruce', lastName='Wayne', age=35}
03-07-2022 22:12:16.996 [http-nio-8080-exec-5] INFO  com.example.springbootelk.controller.UserController.saveUser - Indexed with version 1
03-07-2022 22:12:36.285 [http-nio-8080-exec-6] INFO  com.example.springbootelk.controller.UserController.findUserById - Attempting to find user: 089c7d32-7703-4531-8e16-59aff6436b36
03-07-2022 22:12:38.317 [http-nio-8080-exec-6] INFO  com.example.springbootelk.controller.UserController.findUserById - User found: User{userId=089c7d32-7703-4531-8e16-59aff6436b36, firstName='Bruce', lastName='Wayne', age=35}
03-07-2022 22:12:50.999 [http-nio-8080-exec-7] INFO  com.example.springbootelk.controller.UserController.findUserById - Attempting to find user: 089c7d32-7703-4531-8e16-59aff6436b36
03-07-2022 22:12:53.297 [http-nio-8080-exec-7] INFO  com.example.springbootelk.controller.UserController.findUserById - User found: User{userId=089c7d32-7703-4531-8e16-59aff6436b36, firstName='Bruce', lastName='Wayne', age=35}
03-07-2022 22:23:05.400 [main] INFO  com.example.springbootelk.SpringBootElkApplication.logStarting - Starting SpringBootElkApplication using Java 11.0.1 on DESKTOP-15DOUVQ with PID 25964 (D:\Projects\spring-boot-elk\target\classes started by oshan in D:\Projects\spring-boot-elk)
03-07-2022 22:23:05.416 [main] INFO  com.example.springbootelk.SpringBootElkApplication.logStartupProfileInfo - No active profile set, falling back to 1 default profile: "default"
03-07-2022 22:23:07.318 [main] INFO  com.example.springbootelk.SpringBootElkApplication.logStarted - Started SpringBootElkApplication in 2.417 seconds (JVM running for 3.761)
03-07-2022 22:25:02.720 [main] INFO  com.example.springbootelk.SpringBootElkApplication.logStarting - Starting SpringBootElkApplication using Java 11.0.1 on DESKTOP-15DOUVQ with PID 2476 (D:\Projects\spring-boot-elk\target\classes started by oshan in D:\Projects\spring-boot-elk)
03-07-2022 22:25:02.736 [main] INFO  com.example.springbootelk.SpringBootElkApplication.logStartupProfileInfo - No active profile set, falling back to 1 default profile: "default"
03-07-2022 22:25:04.461 [main] INFO  com.example.springbootelk.SpringBootElkApplication.logStarted - Started SpringBootElkApplication in 2.298 seconds (JVM running for 3.65)
03-07-2022 22:26:05.613 [http-nio-8080-exec-1] INFO  com.example.springbootelk.controller.UserController.findUserByName - There are 2 users
03-07-2022 22:26:10.578 [http-nio-8080-exec-1] INFO  com.example.springbootelk.controller.UserController.findUserByName - Found User 708bbe67-0f85-42f9-9408-7205973671eb, score 0.4700036
03-07-2022 22:26:12.940 [http-nio-8080-exec-1] INFO  com.example.springbootelk.controller.UserController.findUserByName - Found User 089c7d32-7703-4531-8e16-59aff6436b36, score 0.4700036
03-07-2022 22:26:52.448 [http-nio-8080-exec-3] INFO  com.example.springbootelk.controller.UserController.findUserByName - There are 0 users
03-07-2022 22:27:08.367 [http-nio-8080-exec-4] INFO  com.example.springbootelk.controller.UserController.findUserByName - There are 0 users
03-07-2022 22:27:20.159 [http-nio-8080-exec-6] INFO  com.example.springbootelk.controller.UserController.findUserByName - There are 1 users
03-07-2022 22:27:22.431 [http-nio-8080-exec-6] INFO  com.example.springbootelk.controller.UserController.findUserByName - Found User 14bb14e8-05b0-47e9-83bb-3fdd94ceebf4, score 0.9808291
03-07-2022 22:27:35.914 [http-nio-8080-exec-7] INFO  com.example.springbootelk.controller.UserController.findUserByName - There are 2 users
03-07-2022 22:27:35.915 [http-nio-8080-exec-7] INFO  com.example.springbootelk.controller.UserController.findUserByName - Found User 708bbe67-0f85-42f9-9408-7205973671eb, score 0.4700036
03-07-2022 22:27:35.916 [http-nio-8080-exec-7] INFO  com.example.springbootelk.controller.UserController.findUserByName - Found User 089c7d32-7703-4531-8e16-59aff6436b36, score 0.4700036
03-07-2022 22:28:59.805 [http-nio-8080-exec-8] INFO  com.example.springbootelk.controller.UserController.findUserByName - There are 0 users
03-07-2022 22:32:10.113 [main] INFO  com.example.springbootelk.SpringBootElkApplication.logStarting - Starting SpringBootElkApplication using Java 11.0.1 on DESKTOP-15DOUVQ with PID 6356 (D:\Projects\spring-boot-elk\target\classes started by oshan in D:\Projects\spring-boot-elk)
03-07-2022 22:32:10.113 [main] INFO  com.example.springbootelk.SpringBootElkApplication.logStartupProfileInfo - No active profile set, falling back to 1 default profile: "default"
03-07-2022 22:32:12.012 [main] INFO  com.example.springbootelk.SpringBootElkApplication.logStarted - Started SpringBootElkApplication in 2.354 seconds (JVM running for 3.757)
03-07-2022 22:32:56.500 [http-nio-8080-exec-2] INFO  com.example.springbootelk.controller.UserController.findUserByName - There are 2 users
03-07-2022 22:33:01.802 [http-nio-8080-exec-2] INFO  com.example.springbootelk.controller.UserController.findUserByName - Found User 708bbe67-0f85-42f9-9408-7205973671eb, score 0.4700036
03-07-2022 22:33:01.802 [http-nio-8080-exec-2] INFO  com.example.springbootelk.controller.UserController.findUserByName - Found User 089c7d32-7703-4531-8e16-59aff6436b36, score 0.4700036
03-07-2022 23:00:57.810 [main] INFO  com.example.springbootelk.SpringBootElkApplication.logStarting - Starting SpringBootElkApplication using Java 11.0.1 on DESKTOP-15DOUVQ with PID 23368 (D:\Projects\spring-boot-elk\target\classes started by oshan in D:\Projects\spring-boot-elk)
03-07-2022 23:00:57.810 [main] INFO  com.example.springbootelk.SpringBootElkApplication.logStartupProfileInfo - No active profile set, falling back to 1 default profile: "default"
03-07-2022 23:00:59.891 [main] INFO  com.example.springbootelk.SpringBootElkApplication.logStarted - Started SpringBootElkApplication in 2.578 seconds (JVM running for 4.002)
03-07-2022 23:01:32.597 [http-nio-8080-exec-2] INFO  com.example.springbootelk.controller.UserController.findUserByName - There are 2 users
03-07-2022 23:01:32.600 [http-nio-8080-exec-2] INFO  com.example.springbootelk.controller.UserController.findUserByName - Found User 708bbe67-0f85-42f9-9408-7205973671eb, score 0.4700036
03-07-2022 23:01:32.601 [http-nio-8080-exec-2] INFO  com.example.springbootelk.controller.UserController.findUserByName - Found User 089c7d32-7703-4531-8e16-59aff6436b36, score 0.4700036
03-07-2022 23:03:09.818 [http-nio-8080-exec-5] INFO  com.example.springbootelk.controller.UserController.findUserByName - There are 2 users
03-07-2022 23:03:09.819 [http-nio-8080-exec-5] INFO  com.example.springbootelk.controller.UserController.findUserByName - Found User 708bbe67-0f85-42f9-9408-7205973671eb, score 1.0
03-07-2022 23:03:09.820 [http-nio-8080-exec-5] INFO  com.example.springbootelk.controller.UserController.findUserByName - Found User 089c7d32-7703-4531-8e16-59aff6436b36, score 1.0
03-07-2022 23:05:59.309 [http-nio-8080-exec-8] INFO  com.example.springbootelk.controller.UserController.saveUser - Attempting to index user: User{userId=ab884bd8-ceca-4950-97cd-a38b0a586edc, firstName='Lucie', lastName='Kent', age=24}
03-07-2022 23:06:03.600 [http-nio-8080-exec-8] INFO  com.example.springbootelk.controller.UserController.saveUser - Indexed with version 1
03-07-2022 23:06:21.121 [http-nio-8080-exec-9] INFO  com.example.springbootelk.controller.UserController.findUserByName - There are 2 users
03-07-2022 23:06:21.121 [http-nio-8080-exec-9] INFO  com.example.springbootelk.controller.UserController.findUserByName - Found User 708bbe67-0f85-42f9-9408-7205973671eb, score 1.0
03-07-2022 23:06:21.121 [http-nio-8080-exec-9] INFO  com.example.springbootelk.controller.UserController.findUserByName - Found User 089c7d32-7703-4531-8e16-59aff6436b36, score 1.0
03-07-2022 23:06:31.035 [http-nio-8080-exec-10] INFO  com.example.springbootelk.controller.UserController.findUserByName - There are 3 users
03-07-2022 23:06:31.036 [http-nio-8080-exec-10] INFO  com.example.springbootelk.controller.UserController.findUserByName - Found User 708bbe67-0f85-42f9-9408-7205973671eb, score 1.0
03-07-2022 23:06:31.037 [http-nio-8080-exec-10] INFO  com.example.springbootelk.controller.UserController.findUserByName - Found User 089c7d32-7703-4531-8e16-59aff6436b36, score 1.0
03-07-2022 23:06:31.037 [http-nio-8080-exec-10] INFO  com.example.springbootelk.controller.UserController.findUserByName - Found User ab884bd8-ceca-4950-97cd-a38b0a586edc, score 1.0
03-07-2022 23:07:48.600 [http-nio-8080-exec-3] INFO  com.example.springbootelk.controller.UserController.findUserByName - There are 3 users
03-07-2022 23:07:48.601 [http-nio-8080-exec-3] INFO  com.example.springbootelk.controller.UserController.findUserByName - Found User 708bbe67-0f85-42f9-9408-7205973671eb, score 1.0
03-07-2022 23:07:48.601 [http-nio-8080-exec-3] INFO  com.example.springbootelk.controller.UserController.findUserByName - Found User 089c7d32-7703-4531-8e16-59aff6436b36, score 1.0
03-07-2022 23:07:48.601 [http-nio-8080-exec-3] INFO  com.example.springbootelk.controller.UserController.findUserByName - Found User ab884bd8-ceca-4950-97cd-a38b0a586edc, score 1.0
03-07-2022 23:07:58.999 [http-nio-8080-exec-5] INFO  com.example.springbootelk.controller.UserController.findUserByName - There are 1 users
03-07-2022 23:07:59.000 [http-nio-8080-exec-5] INFO  com.example.springbootelk.controller.UserController.findUserByName - Found User ab884bd8-ceca-4950-97cd-a38b0a586edc, score 1.0
03-07-2022 23:08:05.992 [http-nio-8080-exec-6] INFO  com.example.springbootelk.controller.UserController.findUserByName - There are 1 users
03-07-2022 23:08:05.993 [http-nio-8080-exec-6] INFO  com.example.springbootelk.controller.UserController.findUserByName - Found User ab884bd8-ceca-4950-97cd-a38b0a586edc, score 1.0
03-07-2022 23:08:23.353 [http-nio-8080-exec-7] INFO  com.example.springbootelk.controller.UserController.findUserByName - There are 2 users
03-07-2022 23:08:23.354 [http-nio-8080-exec-7] INFO  com.example.springbootelk.controller.UserController.findUserByName - Found User 708bbe67-0f85-42f9-9408-7205973671eb, score 1.0
03-07-2022 23:08:23.355 [http-nio-8080-exec-7] INFO  com.example.springbootelk.controller.UserController.findUserByName - Found User 089c7d32-7703-4531-8e16-59aff6436b36, score 1.0
03-07-2022 23:08:38.741 [http-nio-8080-exec-8] INFO  com.example.springbootelk.controller.UserController.findUserByName - There are 2 users
03-07-2022 23:08:38.742 [http-nio-8080-exec-8] INFO  com.example.springbootelk.controller.UserController.findUserByName - Found User 708bbe67-0f85-42f9-9408-7205973671eb, score 0.6931471
03-07-2022 23:08:38.742 [http-nio-8080-exec-8] INFO  com.example.springbootelk.controller.UserController.findUserByName - Found User 089c7d32-7703-4531-8e16-59aff6436b36, score 0.6931471
03-07-2022 23:08:53.737 [http-nio-8080-exec-10] INFO  com.example.springbootelk.controller.UserController.findUserByName - There are 1 users
03-07-2022 23:08:53.738 [http-nio-8080-exec-10] INFO  com.example.springbootelk.controller.UserController.findUserByName - Found User ab884bd8-ceca-4950-97cd-a38b0a586edc, score 1.2039728
03-07-2022 23:09:02.728 [http-nio-8080-exec-1] INFO  com.example.springbootelk.controller.UserController.findUserByName - There are 1 users
03-07-2022 23:09:02.729 [http-nio-8080-exec-1] INFO  com.example.springbootelk.controller.UserController.findUserByName - Found User ab884bd8-ceca-4950-97cd-a38b0a586edc, score 1.0
03-07-2022 23:11:22.434 [main] INFO  com.example.springbootelk.SpringBootElkApplication.logStarting - Starting SpringBootElkApplication using Java 11.0.1 on DESKTOP-15DOUVQ with PID 17480 (D:\Projects\spring-boot-elk\target\classes started by oshan in D:\Projects\spring-boot-elk)
03-07-2022 23:11:22.451 [main] INFO  com.example.springbootelk.SpringBootElkApplication.logStartupProfileInfo - No active profile set, falling back to 1 default profile: "default"
03-07-2022 23:11:24.395 [main] INFO  com.example.springbootelk.SpringBootElkApplication.logStarted - Started SpringBootElkApplication in 2.489 seconds (JVM running for 3.86)
03-07-2022 23:11:38.524 [http-nio-8080-exec-1] INFO  com.example.springbootelk.controller.UserController.findUserById - Attempting to find user: 089c7d32-7703-4531-8e16-59aff6436b36
03-07-2022 23:12:11.596 [http-nio-8080-exec-1] INFO  com.example.springbootelk.controller.UserController.findUserById - User found: User{userId=089c7d32-7703-4531-8e16-59aff6436b36, firstName='Bruce', lastName='Wayne', age=35}
03-07-2022 23:14:53.153 [main] INFO  com.example.springbootelk.SpringBootElkApplicationTests.logStarting - Starting SpringBootElkApplicationTests using Java 11.0.1 on DESKTOP-15DOUVQ with PID 23728 (started by oshan in D:\Projects\spring-boot-elk)
03-07-2022 23:14:53.153 [main] INFO  com.example.springbootelk.SpringBootElkApplicationTests.logStartupProfileInfo - No active profile set, falling back to 1 default profile: "default"
03-07-2022 23:14:55.386 [main] INFO  com.example.springbootelk.SpringBootElkApplicationTests.logStarted - Started SpringBootElkApplicationTests in 2.659 seconds (JVM running for 4.746)
03-07-2022 23:17:35.703 [main] INFO  com.example.springbootelk.SpringBootElkApplication.logStarting - Starting SpringBootElkApplication using Java 11.0.1 on DESKTOP-15DOUVQ with PID 26340 (D:\Projects\spring-boot-elk\target\classes started by oshan in D:\Projects\spring-boot-elk)
03-07-2022 23:17:35.703 [main] INFO  com.example.springbootelk.SpringBootElkApplication.logStartupProfileInfo - No active profile set, falling back to 1 default profile: "default"
03-07-2022 23:17:37.744 [main] INFO  com.example.springbootelk.SpringBootElkApplication.logStarted - Started SpringBootElkApplication in 2.535 seconds (JVM running for 6.52)
03-07-2022 23:17:58.047 [http-nio-8080-exec-1] INFO  com.example.springbootelk.controller.UserController.saveUser - Attempting to index user: User{userId=5facb0f5-30c5-47e2-8675-fc93c36822c7, firstName='Oliver', lastName='Queen', age=30}
03-07-2022 23:18:01.366 [http-nio-8080-exec-1] INFO  com.example.springbootelk.controller.UserController.saveUser - Indexed with version 1
03-07-2022 23:18:16.413 [http-nio-8080-exec-3] INFO  com.example.springbootelk.controller.UserController.findUserById - Attempting to find user: 5facb0f5-30c5-47e2-8675-fc93c36822c7
03-07-2022 23:18:18.213 [http-nio-8080-exec-3] INFO  com.example.springbootelk.controller.UserController.findUserById - User found: User{userId=5facb0f5-30c5-47e2-8675-fc93c36822c7, firstName='Oliver', lastName='Queen', age=30}
03-07-2022 23:18:45.058 [http-nio-8080-exec-5] INFO  com.example.springbootelk.controller.UserController.findUserByName - There are 4 users
03-07-2022 23:18:45.060 [http-nio-8080-exec-5] INFO  com.example.springbootelk.controller.UserController.findUserByName - Found User 708bbe67-0f85-42f9-9408-7205973671eb, score 1.0
03-07-2022 23:18:45.060 [http-nio-8080-exec-5] INFO  com.example.springbootelk.controller.UserController.findUserByName - Found User 089c7d32-7703-4531-8e16-59aff6436b36, score 1.0
03-07-2022 23:18:45.061 [http-nio-8080-exec-5] INFO  com.example.springbootelk.controller.UserController.findUserByName - Found User ab884bd8-ceca-4950-97cd-a38b0a586edc, score 1.0
03-07-2022 23:18:45.061 [http-nio-8080-exec-5] INFO  com.example.springbootelk.controller.UserController.findUserByName - Found User 5facb0f5-30c5-47e2-8675-fc93c36822c7, score 1.0
03-07-2022 23:19:06.577 [http-nio-8080-exec-4] INFO  com.example.springbootelk.controller.UserController.findUserByName - There are 2 users
03-07-2022 23:19:06.578 [http-nio-8080-exec-4] INFO  com.example.springbootelk.controller.UserController.findUserByName - Found User 708bbe67-0f85-42f9-9408-7205973671eb, score 1.0
03-07-2022 23:19:06.578 [http-nio-8080-exec-4] INFO  com.example.springbootelk.controller.UserController.findUserByName - Found User 089c7d32-7703-4531-8e16-59aff6436b36, score 1.0
